<?xml version="1.0" encoding="UTF-8"?>
<testsuite xmlns:xsi="http://www.w3.org/2001/XMLSchema-instance" xsi:noNamespaceSchemaLocation="https://maven.apache.org/surefire/maven-surefire-plugin/xsd/surefire-test-report.xsd" version="3.0.2" name="com.devpablo.quickstart.QuickstartApplicationTests" time="1.955" tests="1" errors="0" skipped="0" failures="0">
  <properties>
[...]
</properties>
  <testcase name="contextLoads" classname="com.devpablo.quickstart.QuickstartApplicationTests" time="0.548">
    <system-out><![CDATA[16:35:06.132 [main] INFO org.springframework.test.context.support.AnnotationConfigContextLoaderUtils -- Could not detect default configuration classes for test class [com.devpablo.quickstart.QuickstartApplicationTests]: QuickstartApplicationTests does not declare any static, non-private, non-final, nested classes annotated with @Configuration.
16:35:06.229 [main] INFO org.springframework.boot.test.context.SpringBootTestContextBootstrapper -- Found @SpringBootConfiguration com.devpablo.quickstart.QuickstartApplication for test class com.devpablo.quickstart.QuickstartApplicationTests

  .   ____          _            __ _ _
 /\\ / ___'_ __ _ _(_)_ __  __ _ \ \ \ \
( ( )\___ | '_ | '_| | '_ \/ _` | \ \ \ \
 \\/  ___)| |_)| | | | | || (_| |  ) ) ) )
  '  |____| .__|_| |_|_| |_\__, | / / / /
 =========|_|==============|___/=/_/_/_/

 :: Spring Boot ::                (v3.4.2)

2025-02-08T16:35:06.542-03:00  INFO 9896 --- [quickstart] [           main] c.d.q.QuickstartApplicationTests         : Starting QuickstartApplicationTests using Java 21.0.2 with PID 9896 (started by Nazgul in C:\Users\Nazgul\Desktop\java\quickstart)
2025-02-08T16:35:06.543-03:00  INFO 9896 --- [quickstart] [           main] c.d.q.QuickstartApplicationTests         : No active profile set, falling back to 1 default profile: "default"
2025-02-08T16:35:07.402-03:00  INFO 9896 --- [quickstart] [           main] c.d.q.QuickstartApplicationTests         : Started QuickstartApplicationTests in 1.058 seconds (process running for 1.772)
]]></system-out>
    <system-err><![CDATA[Mockito is currently self-attaching to enable the inline-mock-maker. This will no longer work in future releases of the JDK. Please add Mockito as an agent to your build what is described in Mockito's documentation: https://javadoc.io/doc/org.mockito/mockito-core/latest/org/mockito/Mockito.html#0.3
WARNING: A Java agent has been loaded dynamically (C:\Users\Nazgul\.m2\repository\net\bytebuddy\byte-buddy-agent\1.15.11\byte-buddy-agent-1.15.11.jar)
WARNING: If a serviceability tool is in use, please run with -XX:+EnableDynamicAgentLoading to hide this warning
WARNING: If a serviceability tool is not in use, please run with -Djdk.instrument.traceUsage for more information
WARNING: Dynamic loading of agents will be disallowed by default in a future release
]]></system-err>
  </testcase>
</testsuite>